  Aileron.cpp
  Carburant.cpp
  Cercle.cpp
  Pointe.cpp
  Cylindre.cpp
  Donnee.cpp
  Forme.cpp
  Formules.cpp
  Fusee.cpp
  main.cpp
  Moteur.cpp
  ObjetPhysique.cpp
  Trajectoire.cpp
  Génération de code en cours
c:\users\antoine gaulin\documents\visual studio 2017\projects\teamskyreachers\fusa\aileron.cpp(88): warning C4715: 'operator<<' : les chemins de contrôle ne retournent pas tous une valeur
  92 of 228 functions (40.4%) were compiled, the rest were copied from previous compilation.
    0 functions were new in current compilation
    16 functions had inline decision re-evaluated but remain unchanged
  Fin de la génération du code
  Fusa.vcxproj -> C:\Users\Antoine Gaulin\Documents\Visual Studio 2017\Projects\TeamSkyreachers\x64\Release\Fusa.exe
